<?xml version="1.0" encoding="UTF-8"?>
<testsuite xmlns:xsi="http://www.w3.org/2001/XMLSchema-instance" xsi:noNamespaceSchemaLocation="https://maven.apache.org/surefire/maven-surefire-plugin/xsd/surefire-test-report-3.0.xsd" version="3.0" name="com.toolcall.ToolCallTest" time="1.089" tests="5" errors="0" skipped="0" failures="0">
  <properties>
[...]
</properties>
  <testcase name="testExecute" classname="com.toolcall.ToolCallTest" time="0.728"/>
  <testcase name="testDependency" classname="com.toolcall.ToolCallTest" time="0.022"/>
  <testcase name="testToolsDescription" classname="com.toolcall.ToolCallTest" time="0.014"/>
  <testcase name="testParseToolCalls" classname="com.toolcall.ToolCallTest" time="0.097"/>
  <testcase name="testRegisterAndToolsJson" classname="com.toolcall.ToolCallTest" time="0.116"/>
</testsuite>